<?xml version="1.0" encoding="UTF-8"?>
<!-- Generated by org.testng.reporters.JUnitXMLReporter -->
<testsuite ignored="4" hostname="LAPTOP-QA19AGLF" failures="0" tests="1" name="Default test" time="13.341" errors="0" timestamp="2024-03-25T17:50:36 IST">
  <testcase classname="actionsclassprograms.RightDoubleDragMouseKey" name="rightclick" time="8.543"/>
  <testcase classname="actionsclassprograms.RightDoubleDragMouseKey" name="keyboardkeys" time="0.0">
    <ignored/>
  </testcase> <!-- keyboardkeys -->
  <testcase classname="actionsclassprograms.RightDoubleDragMouseKey" name="draganddrop" time="0.0">
    <ignored/>
  </testcase> <!-- draganddrop -->
  <testcase classname="actionsclassprograms.RightDoubleDragMouseKey" name="mousehover" time="0.0">
    <ignored/>
  </testcase> <!-- mousehover -->
  <testcase classname="actionsclassprograms.RightDoubleDragMouseKey" name="doubleclickonwebElement" time="0.0">
    <ignored/>
  </testcase> <!-- doubleclickonwebElement -->
</testsuite> <!-- Default test -->
