<?xml version="1.0" encoding="UTF-8"?>
<!-- Generated by org.testng.reporters.JUnitXMLReporter -->
<testsuite ignored="7" hostname="LAPTOP-QA19AGLF" failures="0" tests="2" name="Test" time="16.195" errors="0" timestamp="2024-02-26T16:42:56 IST">
  <testcase classname="testNG.TestNG_7_GroupsTesting" name="swiggy" time="3.378"/>
  <testcase classname="testNG.TestNG_7_GroupsTesting" name="zomato" time="5.136"/>
  <testcase classname="testNG.TestNG_6_Discription" name="dm3" time="0.0">
    <ignored/>
  </testcase> <!-- dm3 -->
  <testcase classname="testNG.TestNG_7_GroupsTesting" name="facebook" time="0.0">
    <ignored/>
  </testcase> <!-- facebook -->
  <testcase classname="testNG.TestNG_6_Discription" name="dm2" time="0.0">
    <ignored/>
  </testcase> <!-- dm2 -->
  <testcase classname="testNG.TestNG_7_GroupsTesting" name="twitter" time="0.0">
    <ignored/>
  </testcase> <!-- twitter -->
  <testcase classname="testNG.TestNG_6_Discription" name="dm14" time="0.0">
    <ignored/>
  </testcase> <!-- dm14 -->
  <testcase classname="testNG.TestNG_7_GroupsTesting" name="google" time="0.0">
    <ignored/>
  </testcase> <!-- google -->
  <testcase classname="testNG.TestNG_6_Discription" name="dm15" time="0.0">
    <ignored/>
  </testcase> <!-- dm15 -->
</testsuite> <!-- Test -->
