<?xml version="1.0" encoding="UTF-8"?>
<testng-results ignored="4" total="5" passed="1" failed="0" skipped="0">
  <reporter-output>
  </reporter-output>
  <suite started-at="2024-03-25T17:50:22 IST" name="Default suite" finished-at="2024-03-25T17:50:36 IST" duration-ms="13341">
    <groups>
    </groups>
    <test started-at="2024-03-25T17:50:22 IST" name="Default test" finished-at="2024-03-25T17:50:36 IST" duration-ms="13341">
      <class name="actionsclassprograms.RightDoubleDragMouseKey">
        <test-method is-config="true" signature="beforeTest()[pri:0, instance:actionsclassprograms.RightDoubleDragMouseKey@4310d43]" started-at="2024-03-25T17:50:22 IST" name="beforeTest" finished-at="2024-03-25T17:50:27 IST" duration-ms="4742" status="PASS">
          <reporter-output>
          </reporter-output>
        </test-method> <!-- beforeTest -->
        <test-method signature="rightclick()[pri:0, instance:actionsclassprograms.RightDoubleDragMouseKey@4310d43]" started-at="2024-03-25T17:50:27 IST" name="rightclick" finished-at="2024-03-25T17:50:36 IST" duration-ms="8543" status="PASS">
          <reporter-output>
          </reporter-output>
        </test-method> <!-- rightclick -->
      </class> <!-- actionsclassprograms.RightDoubleDragMouseKey -->
    </test> <!-- Default test -->
  </suite> <!-- Default suite -->
</testng-results>
